
Act as an expert in High Level Synthesis and apply HLS pragmas to the following program. Reason for your choice of HLS pragmas:



void kernel_gemm(int ni,int nj,int nk,double alpha,double beta,double C[200][220],double A[200][240],double B[240][220])

{

  int i;

  int j;

  int k;

//BLAS PARAMS

//TRANSA = 'N'

//TRANSB = 'N'

// => Form C := alpha*A*B + beta*C,

//A is NIxNK

//B is NKxNJ

//C is NIxNJ

  

  

  

  for (i = 0; i < 200; i++) {

    

    for (j = 0; j < 220; j++) {

      C[i][j] *= beta;

    }

    

    

    

    for (k = 0; k < 240; k++) {

      

      for (j = 0; j < 220; j++) {

        C[i][j] += alpha * A[i][k] * B[k][j];

      }

    }

  }

}

*/
<|endoftext|>