
Act as an expert in High Level Synthesis and apply HLS pragmas to the following program. Reason for your choice of HLS pragmas:



void bbgemm(double m1[4096],double m2[4096],double prod[4096])

{

  int i;

  int k;

  int j;

  int jj;

  int kk;

  int i_row;

  int k_row;

  double temp_x;

  double mul;

  

  

  loopjj:

/* Standardize from: for(jj = 0;jj < 64;jj += 8) {...} */

  for (jj = 0; jj <= 7; jj++) {

    int _in_jj = 0 + 8L * jj;

    

    

    loopkk:

/* Standardize from: for(kk = 0;kk < 64;kk += 8) {...} */

    for (kk = 0; kk <= 7; kk++) {

      int _in_kk = 0 + 8L * kk;

      

      

      

      loopi:

      for (i = 0; i < 64; ++i) {

        

        

        loopk:

        for (k = 0; k < 8; ++k) {

          i_row = i * 64;

          k_row = (k + _in_kk) * 64;

          temp_x = m1[i_row + k + _in_kk];

          loopj:

          for (j = 0; j < 8; ++j) {

            mul = temp_x * m2[k_row + j + _in_jj];

            prod[i_row + j + _in_jj] += mul;

          }

        }

      }

    }

    kk = 56 + 8L;

  }

  jj = 56 + 8L;

}
<|endoftext|>