Output:
#pragma ACCEL kernel

void kernel_syrk(float alpha,float beta,float C[N*N],float A[N*M])

{

  int i;

  int j;

  int k;

//BLAS PARAMS

//TRANS = 'N'

//UPLO  = 'L'

// =>  Form  C := alpha*A*A**T + beta*C.

//A is NxM

//C is NxN

  

  

  

  

  for (i = 0; i < N; i++) {

    

    for (j = 0; j < N; j++) {

      if (j <= i) {

        C[i*N+j] *= beta;

      }

    }

    

    

    

    for (k = 0; k < M; k++) {

      

      for (j = 0; j < N; j++) {

        if (j <= i) {

          C[i*N+j] += alpha * A[i*M+k] * A[j*M+k];

        }

      }

    }

  }

}
<|endoftext|>